Using pre-set license
Built from '2021.3/staging' branch; Version is '2021.3.11f1 (0a5ca18544bf) revision 679073'; Using compiler version '192829333'; Build Type 'Release'
OS: 'Windows 11  (10.0.22621) 64bit Core' Language: 'en' Physical Memory: 16221 MB
BatchMode: 1, IsHumanControllingUs: 0, StartBugReporterOnCrash: 0, Is64bit: 1, IsPro: 1

COMMAND LINE ARGUMENTS:
C:\Program Files\Unity\2021.3.11f1\Editor\Unity.exe
-adb2
-batchMode
-noUpm
-name
AssetImportWorker2
-projectPath
C:/00github/XRUnityINteractionToolkitClass
-logFile
Logs/AssetImportWorker2.log
-srvPort
51871
Successfully changed project path to: C:/00github/XRUnityINteractionToolkitClass
C:/00github/XRUnityINteractionToolkitClass
[UnityMemory] Configuration Parameters - Can be set up in boot.config
    "memorysetup-bucket-allocator-granularity=16"
    "memorysetup-bucket-allocator-bucket-count=8"
    "memorysetup-bucket-allocator-block-size=33554432"
    "memorysetup-bucket-allocator-block-count=8"
    "memorysetup-main-allocator-block-size=16777216"
    "memorysetup-thread-allocator-block-size=16777216"
    "memorysetup-gfx-main-allocator-block-size=16777216"
    "memorysetup-gfx-thread-allocator-block-size=16777216"
    "memorysetup-cache-allocator-block-size=4194304"
    "memorysetup-typetree-allocator-block-size=2097152"
    "memorysetup-profiler-bucket-allocator-granularity=16"
    "memorysetup-profiler-bucket-allocator-bucket-count=8"
    "memorysetup-profiler-bucket-allocator-block-size=33554432"
    "memorysetup-profiler-bucket-allocator-block-count=8"
    "memorysetup-profiler-allocator-block-size=16777216"
    "memorysetup-profiler-editor-allocator-block-size=1048576"
    "memorysetup-temp-allocator-size-main=16777216"
    "memorysetup-job-temp-allocator-block-size=2097152"
    "memorysetup-job-temp-allocator-block-size-background=1048576"
    "memorysetup-job-temp-allocator-reduction-small-platforms=262144"
    "memorysetup-temp-allocator-size-background-worker=32768"
    "memorysetup-temp-allocator-size-job-worker=262144"
    "memorysetup-temp-allocator-size-preload-manager=33554432"
    "memorysetup-temp-allocator-size-nav-mesh-worker=65536"
    "memorysetup-temp-allocator-size-audio-worker=65536"
    "memorysetup-temp-allocator-size-cloud-worker=32768"
    "memorysetup-temp-allocator-size-gi-baking-worker=262144"
    "memorysetup-temp-allocator-size-gfx=262144"
Refreshing native plugins compatible for Editor in 146.35 ms, found 6 plugins.
Preloading 1 native plugins for Editor in 2.52 ms.
Initialize engine version: 2021.3.11f1 (0a5ca18544bf)
[Subsystems] Discovering subsystems at path C:/Program Files/Unity/2021.3.11f1/Editor/Data/Resources/UnitySubsystems
[Subsystems] Discovering subsystems at path C:/00github/XRUnityINteractionToolkitClass/Assets
GfxDevice: creating device client; threaded=0; jobified=0
Direct3D:
    Version:  Direct3D 11.0 [level 11.1]
    Renderer: NVIDIA GeForce GTX 1650 with Max-Q Design (ID=0x1f91)
    Vendor:   NVIDIA
    VRAM:     3952 MB
    Driver:   31.0.15.2756
Initialize mono
Mono path[0] = 'C:/Program Files/Unity/2021.3.11f1/Editor/Data/Managed'
Mono path[1] = 'C:/Program Files/Unity/2021.3.11f1/Editor/Data/MonoBleedingEdge/lib/mono/unityjit-win32'
Mono config path = 'C:/Program Files/Unity/2021.3.11f1/Editor/Data/MonoBleedingEdge/etc'
Using monoOptions --debugger-agent=transport=dt_socket,embedding=1,server=y,suspend=n,address=127.0.0.1:56828
Begin MonoManager ReloadAssembly
Registering precompiled unity dll's ...
Register platform support module: C:/Program Files/Unity/2021.3.11f1/Editor/Data/PlaybackEngines/WebGLSupport/UnityEditor.WebGL.Extensions.dll
Register platform support module: C:/Program Files/Unity/2021.3.11f1/Editor/Data/PlaybackEngines/AndroidPlayer/UnityEditor.Android.Extensions.dll
Register platform support module: C:/Program Files/Unity/2021.3.11f1/Editor/Data/PlaybackEngines/WindowsStandaloneSupport/UnityEditor.WindowsStandalone.Extensions.dll
Registered in 0.005838 seconds.
Native extension for WindowsStandalone target not found
Native extension for Android target not found
Native extension for WebGL target not found
Refreshing native plugins compatible for Editor in 86.16 ms, found 6 plugins.
Preloading 1 native plugins for Editor in 0.37 ms.
Mono: successfully reloaded assembly
- Completed reload, in  0.815 seconds
Domain Reload Profiling:
	ReloadAssembly (816ms)
		BeginReloadAssembly (85ms)
			ExecutionOrderSort (0ms)
			DisableScriptedObjects (0ms)
			BackupInstance (0ms)
			ReleaseScriptingObjects (0ms)
			CreateAndSetChildDomain (1ms)
		EndReloadAssembly (578ms)
			LoadAssemblies (85ms)
			RebuildTransferFunctionScriptingTraits (0ms)
			SetupTypeCache (144ms)
			ReleaseScriptCaches (0ms)
			RebuildScriptCaches (36ms)
			SetupLoadedEditorAssemblies (334ms)
				LogAssemblyErrors (0ms)
				InitializePlatformSupportModulesInManaged (70ms)
				SetLoadedEditorAssemblies (0ms)
				RefreshPlugins (87ms)
				BeforeProcessingInitializeOnLoad (2ms)
				ProcessInitializeOnLoadAttributes (117ms)
				ProcessInitializeOnLoadMethodAttributes (58ms)
				AfterProcessingInitializeOnLoad (0ms)
				EditorAssembliesLoaded (0ms)
			ExecutionOrderSort2 (0ms)
			AwakeInstancesAfterBackupRestoration (0ms)
Platform modules already initialized, skipping
Registering precompiled user dll's ...
Registered in 0.006539 seconds.
Begin MonoManager ReloadAssembly
Native extension for WindowsStandalone target not found
Native extension for Android target not found
Native extension for WebGL target not found
Refreshing native plugins compatible for Editor in 82.52 ms, found 6 plugins.
Preloading 1 native plugins for Editor in 0.08 ms.
Package Manager log level set to [2]
System.Reflection.TargetInvocationException: Exception has been thrown by the target of an invocation. ---> System.NullReferenceException: Object reference not set to an instance of an object
  at Unity.XR.Oculus.OculusLoader.AssetPathToAbsolutePath (System.String assetPath) [0x0003d] in C:\00github\XRUnityINteractionToolkitClass\Library\PackageCache\com.unity.xr.oculus@3.0.2\Runtime\OculusLoader.cs:271 
  at Unity.XR.Oculus.OculusLoader.EditorLoadOVRPlugin () [0x0007b] in C:\00github\XRUnityINteractionToolkitClass\Library\PackageCache\com.unity.xr.oculus@3.0.2\Runtime\OculusLoader.cs:256 
  at (wrapper managed-to-native) System.Reflection.RuntimeMethodInfo.InternalInvoke(System.Reflection.RuntimeMethodInfo,object,object[],System.Exception&)
  at System.Reflection.RuntimeMethodInfo.Invoke (System.Object obj, System.Reflection.BindingFlags invokeAttr, System.Reflection.Binder binder, System.Object[] parameters, System.Globalization.CultureInfo culture) [0x0006a] in <9aad1b3a47484d63ba2b3985692d80e9>:0 
   --- End of inner exception stack trace ---
  at System.Reflection.RuntimeMethodInfo.Invoke (System.Object obj, System.Reflection.BindingFlags invokeAttr, System.Reflection.Binder binder, System.Object[] parameters, System.Globalization.CultureInfo culture) [0x00083] in <9aad1b3a47484d63ba2b3985692d80e9>:0 
  at System.Reflection.MethodBase.Invoke (System.Object obj, System.Object[] parameters) [0x00000] in <9aad1b3a47484d63ba2b3985692d80e9>:0 
  at UnityEditor.EditorAssemblies.ProcessInitializeOnLoadMethodAttributes () [0x000a5] in <4e64905d831f4883a53259ef37fb023b>:0 
UnityEngine.StackTraceUtility:ExtractStackTrace ()
UnityEngine.DebugLogHandler:LogFormat (UnityEngine.LogType,UnityEngine.Object,string,object[])
UnityEngine.Logger:Log (UnityEngine.LogType,object)
UnityEngine.Debug:LogError (object)
UnityEditor.EditorAssemblies:ProcessInitializeOnLoadMethodAttributes ()

Mono: successfully reloaded assembly
- Completed reload, in  1.695 seconds
Domain Reload Profiling:
	ReloadAssembly (1696ms)
		BeginReloadAssembly (255ms)
			ExecutionOrderSort (0ms)
			DisableScriptedObjects (11ms)
			BackupInstance (0ms)
			ReleaseScriptingObjects (0ms)
			CreateAndSetChildDomain (127ms)
		EndReloadAssembly (1296ms)
			LoadAssemblies (120ms)
			RebuildTransferFunctionScriptingTraits (0ms)
			SetupTypeCache (314ms)
			ReleaseScriptCaches (1ms)
			RebuildScriptCaches (73ms)
			SetupLoadedEditorAssemblies (740ms)
				LogAssemblyErrors (0ms)
				InitializePlatformSupportModulesInManaged (15ms)
				SetLoadedEditorAssemblies (0ms)
				RefreshPlugins (83ms)
				BeforeProcessingInitializeOnLoad (109ms)
				ProcessInitializeOnLoadAttributes (409ms)
				ProcessInitializeOnLoadMethodAttributes (116ms)
				AfterProcessingInitializeOnLoad (7ms)
				EditorAssembliesLoaded (0ms)
			ExecutionOrderSort2 (0ms)
			AwakeInstancesAfterBackupRestoration (7ms)
Platform modules already initialized, skipping
========================================================================
Worker process is ready to serve import requests
Launched and connected shader compiler UnityShaderCompiler.exe after 0.07 seconds
Refreshing native plugins compatible for Editor in 1.20 ms, found 6 plugins.
Preloading 1 native plugins for Editor in 0.09 ms.
Unloading 4243 Unused Serialized files (Serialized files now loaded: 0)
Unloading 40 unused Assets / (0.7 MB). Loaded Objects now: 4702.
Memory consumption went from 196.6 MB to 195.9 MB.
Total: 5.388000 ms (FindLiveObjects: 0.572000 ms CreateObjectMapping: 0.362700 ms MarkObjects: 4.080300 ms  DeleteObjects: 0.371600 ms)

AssetImportParameters requested are different than current active one (requested -> active):
  custom:video-decoder-ogg-theora: a1e56fd34408186e4bbccfd4996cb3dc -> 
  custom:container-muxer-webm: aa71ff27fc2769a1b78a27578f13a17b -> 
  custom:container-demuxer-webm: 4f35f7cbe854078d1ac9338744f61a02 -> 
  custom:video-encoder-webm-vp8: eb34c28f22e8b96e1ab97ce403110664 -> 
  custom:audio-encoder-webm-vorbis: bf7c407c2cedff20999df2af8eb42d56 -> 
  custom:framework-win-MediaFoundation: 216162199b28c13a410421893ffa2e32 -> 
  custom:container-demuxer-ogg: 62fdf1f143b41e24485cea50d1cbac27 -> 
  custom:video-decoder-webm-vp8: 9c59270c3fd7afecdb556c50c9e8de78 -> 
  custom:audio-decoder-ogg-vorbis: bf7c407c2cedff20999df2af8eb42d56 -> 
========================================================================
Received Import Request.
  Time since last request: 166136.920649 seconds.
  path: Assets/XR-Interaction-Toolkit-Examples-master
  artifactKey: Guid(1a6ac3e374a4dd044abfb7bd0f15f996) Importer(815301076,1909f56bfc062723c751e8b465ee728b)
Start importing Assets/XR-Interaction-Toolkit-Examples-master using Guid(1a6ac3e374a4dd044abfb7bd0f15f996) Importer(815301076,1909f56bfc062723c751e8b465ee728b)  -> (artifact id: 'cbff81d073feaa145de9ddedbab19aca') in 0.007551 seconds 
========================================================================
Received Import Request.
  Time since last request: 1.422087 seconds.
  path: Assets/Samples/XR Interaction Toolkit
  artifactKey: Guid(9747620f4537dea44a132da77333a302) Importer(815301076,1909f56bfc062723c751e8b465ee728b)
Start importing Assets/Samples/XR Interaction Toolkit using Guid(9747620f4537dea44a132da77333a302) Importer(815301076,1909f56bfc062723c751e8b465ee728b)  -> (artifact id: '1cb114a78b2d82b38ae0eaa6259f85db') in 0.002378 seconds 
========================================================================
Received Import Request.
  Time since last request: 0.566905 seconds.
  path: Assets/XR Device Simulator Asset World Interaction
  artifactKey: Guid(ac54d9c474b408c4eb9cb63adc4e03a9) Importer(815301076,1909f56bfc062723c751e8b465ee728b)
Start importing Assets/XR Device Simulator Asset World Interaction using Guid(ac54d9c474b408c4eb9cb63adc4e03a9) Importer(815301076,1909f56bfc062723c751e8b465ee728b)  -> (artifact id: '321168078dc3619be9bae13ac30a2ad1') in 0.001667 seconds 
========================================================================
Received Import Request.
  Time since last request: 0.598091 seconds.
  path: Assets/XR-Interaction-Toolkit-Examples-master/VR/Assets/Samples/XR Interaction Toolkit
  artifactKey: Guid(4417189db74bdcf4db6a62e779f7c90e) Importer(815301076,1909f56bfc062723c751e8b465ee728b)
Start importing Assets/XR-Interaction-Toolkit-Examples-master/VR/Assets/Samples/XR Interaction Toolkit using Guid(4417189db74bdcf4db6a62e779f7c90e) Importer(815301076,1909f56bfc062723c751e8b465ee728b)  -> (artifact id: 'c5174de0b81c74aa6a6579f33acda2e3') in 0.001351 seconds 
========================================================================
Received Prepare
Registering precompiled user dll's ...
Registered in 0.009306 seconds.
Begin MonoManager ReloadAssembly
Native extension for WindowsStandalone target not found
Native extension for Android target not found
Native extension for WebGL target not found
Refreshing native plugins compatible for Editor in 1.30 ms, found 6 plugins.
Preloading 1 native plugins for Editor in 0.12 ms.
System.Reflection.TargetInvocationException: Exception has been thrown by the target of an invocation. ---> System.NullReferenceException: Object reference not set to an instance of an object
  at Unity.XR.Oculus.OculusLoader.AssetPathToAbsolutePath (System.String assetPath) [0x0003d] in C:\00github\XRUnityINteractionToolkitClass\Library\PackageCache\com.unity.xr.oculus@3.0.2\Runtime\OculusLoader.cs:271 
  at Unity.XR.Oculus.OculusLoader.EditorLoadOVRPlugin () [0x0007b] in C:\00github\XRUnityINteractionToolkitClass\Library\PackageCache\com.unity.xr.oculus@3.0.2\Runtime\OculusLoader.cs:256 
  at (wrapper managed-to-native) System.Reflection.RuntimeMethodInfo.InternalInvoke(System.Reflection.RuntimeMethodInfo,object,object[],System.Exception&)
  at System.Reflection.RuntimeMethodInfo.Invoke (System.Object obj, System.Reflection.BindingFlags invokeAttr, System.Reflection.Binder binder, System.Object[] parameters, System.Globalization.CultureInfo culture) [0x0006a] in <9aad1b3a47484d63ba2b3985692d80e9>:0 
   --- End of inner exception stack trace ---
  at System.Reflection.RuntimeMethodInfo.Invoke (System.Object obj, System.Reflection.BindingFlags invokeAttr, System.Reflection.Binder binder, System.Object[] parameters, System.Globalization.CultureInfo culture) [0x00083] in <9aad1b3a47484d63ba2b3985692d80e9>:0 
  at System.Reflection.MethodBase.Invoke (System.Object obj, System.Object[] parameters) [0x00000] in <9aad1b3a47484d63ba2b3985692d80e9>:0 
  at UnityEditor.EditorAssemblies.ProcessInitializeOnLoadMethodAttributes () [0x000a5] in <4e64905d831f4883a53259ef37fb023b>:0 
UnityEngine.StackTraceUtility:ExtractStackTrace ()
UnityEngine.DebugLogHandler:LogFormat (UnityEngine.LogType,UnityEngine.Object,string,object[])
UnityEngine.Logger:Log (UnityEngine.LogType,object)
UnityEngine.Debug:LogError (object)
UnityEditor.EditorAssemblies:ProcessInitializeOnLoadMethodAttributes ()

Mono: successfully reloaded assembly
- Completed reload, in  2.276 seconds
Domain Reload Profiling:
	ReloadAssembly (2277ms)
		BeginReloadAssembly (219ms)
			ExecutionOrderSort (0ms)
			DisableScriptedObjects (8ms)
			BackupInstance (0ms)
			ReleaseScriptingObjects (0ms)
			CreateAndSetChildDomain (56ms)
		EndReloadAssembly (1873ms)
			LoadAssemblies (176ms)
			RebuildTransferFunctionScriptingTraits (0ms)
			SetupTypeCache (551ms)
			ReleaseScriptCaches (3ms)
			RebuildScriptCaches (109ms)
			SetupLoadedEditorAssemblies (956ms)
				LogAssemblyErrors (0ms)
				InitializePlatformSupportModulesInManaged (39ms)
				SetLoadedEditorAssemblies (1ms)
				RefreshPlugins (2ms)
				BeforeProcessingInitializeOnLoad (177ms)
				ProcessInitializeOnLoadAttributes (569ms)
				ProcessInitializeOnLoadMethodAttributes (156ms)
				AfterProcessingInitializeOnLoad (12ms)
				EditorAssembliesLoaded (0ms)
			ExecutionOrderSort2 (0ms)
			AwakeInstancesAfterBackupRestoration (15ms)
Platform modules already initialized, skipping
Refreshing native plugins compatible for Editor in 6.71 ms, found 6 plugins.
Preloading 1 native plugins for Editor in 0.23 ms.
Unloading 4092 Unused Serialized files (Serialized files now loaded: 0)
Unloading 30 unused Assets / (0.7 MB). Loaded Objects now: 4706.
Memory consumption went from 202.2 MB to 201.5 MB.
Total: 8.249100 ms (FindLiveObjects: 0.426800 ms CreateObjectMapping: 0.296800 ms MarkObjects: 6.976800 ms  DeleteObjects: 0.546400 ms)

AssetImportParameters requested are different than current active one (requested -> active):
  custom:video-decoder-ogg-theora: a1e56fd34408186e4bbccfd4996cb3dc -> 
  custom:container-muxer-webm: aa71ff27fc2769a1b78a27578f13a17b -> 
  custom:container-demuxer-webm: 4f35f7cbe854078d1ac9338744f61a02 -> 
  custom:video-encoder-webm-vp8: eb34c28f22e8b96e1ab97ce403110664 -> 
  custom:audio-encoder-webm-vorbis: bf7c407c2cedff20999df2af8eb42d56 -> 
  custom:framework-win-MediaFoundation: 216162199b28c13a410421893ffa2e32 -> 
  custom:container-demuxer-ogg: 62fdf1f143b41e24485cea50d1cbac27 -> 
  custom:video-decoder-webm-vp8: 9c59270c3fd7afecdb556c50c9e8de78 -> 
  custom:audio-decoder-ogg-vorbis: bf7c407c2cedff20999df2af8eb42d56 -> 
========================================================================
Received Import Request.
  Time since last request: 110.223277 seconds.
  path: Assets/XR
  artifactKey: Guid(a03299fb0fdf3a64b826b9c00cd21e58) Importer(815301076,1909f56bfc062723c751e8b465ee728b)
Start importing Assets/XR using Guid(a03299fb0fdf3a64b826b9c00cd21e58) Importer(815301076,1909f56bfc062723c751e8b465ee728b)  -> (artifact id: 'edd26a73f4bba549a22a9e5f0d29b621') in 0.013686 seconds 
========================================================================
Received Import Request.
  Time since last request: 7.953870 seconds.
  path: Assets/XR-Interaction-Toolkit-Examples-master/VR
  artifactKey: Guid(466ef03237e6f8944a359c3fe84865e2) Importer(815301076,1909f56bfc062723c751e8b465ee728b)
Start importing Assets/XR-Interaction-Toolkit-Examples-master/VR using Guid(466ef03237e6f8944a359c3fe84865e2) Importer(815301076,1909f56bfc062723c751e8b465ee728b)  -> (artifact id: '0f50c0429971d9e9e13008ff29b52a50') in 0.002272 seconds 
========================================================================
Received Import Request.
  Time since last request: 1.537620 seconds.
  path: Assets/XR-Interaction-Toolkit-Examples-master/VR/Packages
  artifactKey: Guid(c6681ad4d024f764082067afc48c41dd) Importer(815301076,1909f56bfc062723c751e8b465ee728b)
Start importing Assets/XR-Interaction-Toolkit-Examples-master/VR/Packages using Guid(c6681ad4d024f764082067afc48c41dd) Importer(815301076,1909f56bfc062723c751e8b465ee728b)  -> (artifact id: '0db16c7613613b750466f8aa77be0c4a') in 0.003189 seconds 
========================================================================
Received Import Request.
  Time since last request: 4.899243 seconds.
  path: Assets/XR-Interaction-Toolkit-Examples-master/VR/Assets/VR Examples/Prefabs/Anchor.prefab
  artifactKey: Guid(3fb4983f7b618e449b72caf9a03d1239) Importer(815301076,1909f56bfc062723c751e8b465ee728b)
Start importing Assets/XR-Interaction-Toolkit-Examples-master/VR/Assets/VR Examples/Prefabs/Anchor.prefab using Guid(3fb4983f7b618e449b72caf9a03d1239) Importer(815301076,1909f56bfc062723c751e8b465ee728b)  -> (artifact id: '6dc19f3eadcde5bb8018299c1f0763e1') in 0.498995 seconds 
========================================================================
Received Import Request.
  Time since last request: 0.000038 seconds.
  path: Assets/Minimalist Christmas/Prefabs/Christmas_Tree.prefab
  artifactKey: Guid(16c35d0a64930784b95e900d6aa9f8ce) Importer(815301076,1909f56bfc062723c751e8b465ee728b)
Start importing Assets/Minimalist Christmas/Prefabs/Christmas_Tree.prefab using Guid(16c35d0a64930784b95e900d6aa9f8ce) Importer(815301076,1909f56bfc062723c751e8b465ee728b)  -> (artifact id: '6d0baa40987d6cb88163159bc5eedce8') in 0.047635 seconds 
========================================================================
Received Import Request.
  Time since last request: 0.000049 seconds.
  path: Assets/oculus hands/Prefabs/Custom Right Hand Model.prefab
  artifactKey: Guid(1fd3a7c43c8190f4d8c167ebde694364) Importer(815301076,1909f56bfc062723c751e8b465ee728b)
Start importing Assets/oculus hands/Prefabs/Custom Right Hand Model.prefab using Guid(1fd3a7c43c8190f4d8c167ebde694364) Importer(815301076,1909f56bfc062723c751e8b465ee728b)  -> (artifact id: '756cc3edfd0f8e04095e5d06c9f6b40e') in 1.262747 seconds 
========================================================================
Received Import Request.
  Time since last request: 0.000048 seconds.
  path: Assets/Minimalist Christmas/Prefabs/Chair.prefab
  artifactKey: Guid(f701b8991a622f7418a3e95a79cb752a) Importer(815301076,1909f56bfc062723c751e8b465ee728b)
Start importing Assets/Minimalist Christmas/Prefabs/Chair.prefab using Guid(f701b8991a622f7418a3e95a79cb752a) Importer(815301076,1909f56bfc062723c751e8b465ee728b)  -> (artifact id: '7b894f1d57286d60c089aa4d36cb841d') in 0.025036 seconds 
========================================================================
Received Import Request.
  Time since last request: 0.000087 seconds.
  path: Assets/XR-Interaction-Toolkit-Examples-master/VR/Assets/Prefabs/floatingAnchor.prefab
  artifactKey: Guid(44d6adfd02db4ea4588bd6a602816af5) Importer(815301076,1909f56bfc062723c751e8b465ee728b)
Start importing Assets/XR-Interaction-Toolkit-Examples-master/VR/Assets/Prefabs/floatingAnchor.prefab using Guid(44d6adfd02db4ea4588bd6a602816af5) Importer(815301076,1909f56bfc062723c751e8b465ee728b)  -> (artifact id: '803c62d8d8f3fd3f213f312c7612930a') in 0.061909 seconds 
========================================================================
Received Import Request.
  Time since last request: 0.000035 seconds.
  path: Assets/Minimalist Christmas/Prefabs/Frame_2.prefab
  artifactKey: Guid(b1496b309580b9b4d822b1130671281c) Importer(815301076,1909f56bfc062723c751e8b465ee728b)
Start importing Assets/Minimalist Christmas/Prefabs/Frame_2.prefab using Guid(b1496b309580b9b4d822b1130671281c) Importer(815301076,1909f56bfc062723c751e8b465ee728b)  -> (artifact id: 'bf26db47a53f614ec409a46aa908300e') in 0.033395 seconds 
========================================================================
Received Import Request.
  Time since last request: 0.000048 seconds.
  path: Assets/Minimalist Christmas/Prefabs/Garland_1.prefab
  artifactKey: Guid(f5dbb120f800d924b8a1b2fd8aeca293) Importer(815301076,1909f56bfc062723c751e8b465ee728b)
Start importing Assets/Minimalist Christmas/Prefabs/Garland_1.prefab using Guid(f5dbb120f800d924b8a1b2fd8aeca293) Importer(815301076,1909f56bfc062723c751e8b465ee728b)  -> (artifact id: 'bf5514f11b2eade10491f7b26d8093e9') in 0.027124 seconds 
========================================================================
Received Import Request.
  Time since last request: 0.190775 seconds.
  path: Assets/XR-Interaction-Toolkit-Examples-master/VR/Assets/Prefabs/KinematicCube.prefab
  artifactKey: Guid(10297a1bb8a48324da4743a14b7528ef) Importer(815301076,1909f56bfc062723c751e8b465ee728b)
Start importing Assets/XR-Interaction-Toolkit-Examples-master/VR/Assets/Prefabs/KinematicCube.prefab using Guid(10297a1bb8a48324da4743a14b7528ef) Importer(815301076,1909f56bfc062723c751e8b465ee728b)  -> (artifact id: '009f0f9f916bda68aa222bc5b26549bf') in 0.036010 seconds 
========================================================================
Received Import Request.
  Time since last request: 0.000034 seconds.
  path: Assets/XR-Interaction-Toolkit-Examples-master/VR/Assets/Prefabs/InteractionZones/Locomotion Configuration Area.prefab
  artifactKey: Guid(fba88882375c85e4f9deee0828bb6a48) Importer(815301076,1909f56bfc062723c751e8b465ee728b)
Start importing Assets/XR-Interaction-Toolkit-Examples-master/VR/Assets/Prefabs/InteractionZones/Locomotion Configuration Area.prefab using Guid(fba88882375c85e4f9deee0828bb6a48) Importer(815301076,1909f56bfc062723c751e8b465ee728b)  -> (artifact id: 'c7f8ae66bfd31256b0e3621f55694412') in 0.136130 seconds 
========================================================================
Received Import Request.
  Time since last request: 0.000046 seconds.
  path: Assets/Minimalist Christmas/Prefabs/Lights.prefab
  artifactKey: Guid(b31201a66f5cad74eb0b268df378ae18) Importer(815301076,1909f56bfc062723c751e8b465ee728b)
Start importing Assets/Minimalist Christmas/Prefabs/Lights.prefab using Guid(b31201a66f5cad74eb0b268df378ae18) Importer(815301076,1909f56bfc062723c751e8b465ee728b)  -> (artifact id: 'f8bd35ffe7184b71fe7d1233c5f9c70d') in 0.027949 seconds 
========================================================================
Received Import Request.
  Time since last request: 0.570550 seconds.
  path: Assets/XR-Interaction-Toolkit-Examples-master/VR/Assets/Prefabs/Locomotion System.prefab
  artifactKey: Guid(ad3bfdd436f250242a97f049ab6026b1) Importer(815301076,1909f56bfc062723c751e8b465ee728b)
Start importing Assets/XR-Interaction-Toolkit-Examples-master/VR/Assets/Prefabs/Locomotion System.prefab using Guid(ad3bfdd436f250242a97f049ab6026b1) Importer(815301076,1909f56bfc062723c751e8b465ee728b)  -> (artifact id: '3806e5f45ef673c77a909ba272cba63b') in 0.020319 seconds 
========================================================================
Received Import Request.
  Time since last request: 0.000036 seconds.
  path: Assets/XR-Interaction-Toolkit-Examples-master/VR/Assets/Prefabs/Reticle.prefab
  artifactKey: Guid(cf1f31f1532c9d44b897c0016c677bc0) Importer(815301076,1909f56bfc062723c751e8b465ee728b)
Start importing Assets/XR-Interaction-Toolkit-Examples-master/VR/Assets/Prefabs/Reticle.prefab using Guid(cf1f31f1532c9d44b897c0016c677bc0) Importer(815301076,1909f56bfc062723c751e8b465ee728b)  -> (artifact id: 'd7abdb3b8e93307e618750312b955bfa') in 0.031684 seconds 
========================================================================
Received Import Request.
  Time since last request: 0.000040 seconds.
  path: Assets/XR-Interaction-Toolkit-Examples-master/VR/Assets/Prefabs/InteractionZones/SnapInteractions.prefab
  artifactKey: Guid(073f888b078582d43a07439125332975) Importer(815301076,1909f56bfc062723c751e8b465ee728b)
Start importing Assets/XR-Interaction-Toolkit-Examples-master/VR/Assets/Prefabs/InteractionZones/SnapInteractions.prefab using Guid(073f888b078582d43a07439125332975) Importer(815301076,1909f56bfc062723c751e8b465ee728b)  -> (artifact id: '0f549db3c2cdeb04ed76ece6076e761f') in 5.671651 seconds 
========================================================================
Received Import Request.
  Time since last request: 0.000039 seconds.
  path: Assets/XR-Interaction-Toolkit-Examples-master/VR/Assets/VR Examples/Prefabs/TooltipBlackLarge.prefab
  artifactKey: Guid(fe793da7d40c3af4da7d79870c16fa99) Importer(815301076,1909f56bfc062723c751e8b465ee728b)
Start importing Assets/XR-Interaction-Toolkit-Examples-master/VR/Assets/VR Examples/Prefabs/TooltipBlackLarge.prefab using Guid(fe793da7d40c3af4da7d79870c16fa99) Importer(815301076,1909f56bfc062723c751e8b465ee728b)  -> (artifact id: 'b6d78a35444cf548a24536cd1d9f9748') in 0.020572 seconds 
========================================================================
Received Import Request.
  Time since last request: 0.000058 seconds.
  path: Assets/XR-Interaction-Toolkit-Examples-master/VR/Assets/Prefabs/InteractionZones/StartingArea.prefab
  artifactKey: Guid(47ec39d64a3d83741bd44e3e61514413) Importer(815301076,1909f56bfc062723c751e8b465ee728b)
Start importing Assets/XR-Interaction-Toolkit-Examples-master/VR/Assets/Prefabs/InteractionZones/StartingArea.prefab using Guid(47ec39d64a3d83741bd44e3e61514413) Importer(815301076,1909f56bfc062723c751e8b465ee728b)  -> (artifact id: 'bc221db5aceb61518be4ebea70fba85e') in 0.078742 seconds 
========================================================================
Received Prepare
Registering precompiled user dll's ...
Registered in 0.013352 seconds.
Begin MonoManager ReloadAssembly
Native extension for WindowsStandalone target not found
Native extension for Android target not found
Native extension for WebGL target not found
Refreshing native plugins compatible for Editor in 1.07 ms, found 6 plugins.
Preloading 1 native plugins for Editor in 0.18 ms.
System.Reflection.TargetInvocationException: Exception has been thrown by the target of an invocation. ---> System.NullReferenceException: Object reference not set to an instance of an object
  at Unity.XR.Oculus.OculusLoader.AssetPathToAbsolutePath (System.String assetPath) [0x0003d] in C:\00github\XRUnityINteractionToolkitClass\Library\PackageCache\com.unity.xr.oculus@3.0.2\Runtime\OculusLoader.cs:271 
  at Unity.XR.Oculus.OculusLoader.EditorLoadOVRPlugin () [0x0007b] in C:\00github\XRUnityINteractionToolkitClass\Library\PackageCache\com.unity.xr.oculus@3.0.2\Runtime\OculusLoader.cs:256 
  at (wrapper managed-to-native) System.Reflection.RuntimeMethodInfo.InternalInvoke(System.Reflection.RuntimeMethodInfo,object,object[],System.Exception&)
  at System.Reflection.RuntimeMethodInfo.Invoke (System.Object obj, System.Reflection.BindingFlags invokeAttr, System.Reflection.Binder binder, System.Object[] parameters, System.Globalization.CultureInfo culture) [0x0006a] in <9aad1b3a47484d63ba2b3985692d80e9>:0 
   --- End of inner exception stack trace ---
  at System.Reflection.RuntimeMethodInfo.Invoke (System.Object obj, System.Reflection.BindingFlags invokeAttr, System.Reflection.Binder binder, System.Object[] parameters, System.Globalization.CultureInfo culture) [0x00083] in <9aad1b3a47484d63ba2b3985692d80e9>:0 
  at System.Reflection.MethodBase.Invoke (System.Object obj, System.Object[] parameters) [0x00000] in <9aad1b3a47484d63ba2b3985692d80e9>:0 
  at UnityEditor.EditorAssemblies.ProcessInitializeOnLoadMethodAttributes () [0x000a5] in <4e64905d831f4883a53259ef37fb023b>:0 
UnityEngine.StackTraceUtility:ExtractStackTrace ()
UnityEngine.DebugLogHandler:LogFormat (UnityEngine.LogType,UnityEngine.Object,string,object[])
UnityEngine.Logger:Log (UnityEngine.LogType,object)
UnityEngine.Debug:LogError (object)
UnityEditor.EditorAssemblies:ProcessInitializeOnLoadMethodAttributes ()

Mono: successfully reloaded assembly
- Completed reload, in  1.937 seconds
Domain Reload Profiling:
	ReloadAssembly (1938ms)
		BeginReloadAssembly (217ms)
			ExecutionOrderSort (0ms)
			DisableScriptedObjects (12ms)
			BackupInstance (0ms)
			ReleaseScriptingObjects (0ms)
			CreateAndSetChildDomain (76ms)
		EndReloadAssembly (1556ms)
			LoadAssemblies (124ms)
			RebuildTransferFunctionScriptingTraits (0ms)
			SetupTypeCache (381ms)
			ReleaseScriptCaches (4ms)
			RebuildScriptCaches (96ms)
			SetupLoadedEditorAssemblies (836ms)
				LogAssemblyErrors (0ms)
				InitializePlatformSupportModulesInManaged (36ms)
				SetLoadedEditorAssemblies (1ms)
				RefreshPlugins (1ms)
				BeforeProcessingInitializeOnLoad (148ms)
				ProcessInitializeOnLoadAttributes (495ms)
				ProcessInitializeOnLoadMethodAttributes (146ms)
				AfterProcessingInitializeOnLoad (9ms)
				EditorAssembliesLoaded (0ms)
			ExecutionOrderSort2 (0ms)
			AwakeInstancesAfterBackupRestoration (22ms)
Platform modules already initialized, skipping
Refreshing native plugins compatible for Editor in 6.76 ms, found 6 plugins.
Preloading 1 native plugins for Editor in 0.14 ms.
Unloading 4100 Unused Serialized files (Serialized files now loaded: 0)
Unloading 44 unused Assets / (0.7 MB). Loaded Objects now: 4770.
Memory consumption went from 222.8 MB to 222.1 MB.
Total: 6.432200 ms (FindLiveObjects: 0.414800 ms CreateObjectMapping: 0.306500 ms MarkObjects: 5.010900 ms  DeleteObjects: 0.697700 ms)

AssetImportParameters requested are different than current active one (requested -> active):
  custom:video-decoder-ogg-theora: a1e56fd34408186e4bbccfd4996cb3dc -> 
  custom:container-muxer-webm: aa71ff27fc2769a1b78a27578f13a17b -> 
  custom:container-demuxer-webm: 4f35f7cbe854078d1ac9338744f61a02 -> 
  custom:video-encoder-webm-vp8: eb34c28f22e8b96e1ab97ce403110664 -> 
  custom:audio-encoder-webm-vorbis: bf7c407c2cedff20999df2af8eb42d56 -> 
  custom:framework-win-MediaFoundation: 216162199b28c13a410421893ffa2e32 -> 
  custom:container-demuxer-ogg: 62fdf1f143b41e24485cea50d1cbac27 -> 
  custom:video-decoder-webm-vp8: 9c59270c3fd7afecdb556c50c9e8de78 -> 
  custom:audio-decoder-ogg-vorbis: bf7c407c2cedff20999df2af8eb42d56 -> 
========================================================================
Received Prepare
Registering precompiled user dll's ...
Registered in 0.010798 seconds.
Begin MonoManager ReloadAssembly
Native extension for WindowsStandalone target not found
Native extension for Android target not found
Native extension for WebGL target not found
Refreshing native plugins compatible for Editor in 1.49 ms, found 6 plugins.
Preloading 1 native plugins for Editor in 0.21 ms.
System.Reflection.TargetInvocationException: Exception has been thrown by the target of an invocation. ---> System.NullReferenceException: Object reference not set to an instance of an object
  at Unity.XR.Oculus.OculusLoader.AssetPathToAbsolutePath (System.String assetPath) [0x0003d] in C:\00github\XRUnityINteractionToolkitClass\Library\PackageCache\com.unity.xr.oculus@3.0.2\Runtime\OculusLoader.cs:271 
  at Unity.XR.Oculus.OculusLoader.EditorLoadOVRPlugin () [0x0007b] in C:\00github\XRUnityINteractionToolkitClass\Library\PackageCache\com.unity.xr.oculus@3.0.2\Runtime\OculusLoader.cs:256 
  at (wrapper managed-to-native) System.Reflection.RuntimeMethodInfo.InternalInvoke(System.Reflection.RuntimeMethodInfo,object,object[],System.Exception&)
  at System.Reflection.RuntimeMethodInfo.Invoke (System.Object obj, System.Reflection.BindingFlags invokeAttr, System.Reflection.Binder binder, System.Object[] parameters, System.Globalization.CultureInfo culture) [0x0006a] in <9aad1b3a47484d63ba2b3985692d80e9>:0 
   --- End of inner exception stack trace ---
  at System.Reflection.RuntimeMethodInfo.Invoke (System.Object obj, System.Reflection.BindingFlags invokeAttr, System.Reflection.Binder binder, System.Object[] parameters, System.Globalization.CultureInfo culture) [0x00083] in <9aad1b3a47484d63ba2b3985692d80e9>:0 
  at System.Reflection.MethodBase.Invoke (System.Object obj, System.Object[] parameters) [0x00000] in <9aad1b3a47484d63ba2b3985692d80e9>:0 
  at UnityEditor.EditorAssemblies.ProcessInitializeOnLoadMethodAttributes () [0x000a5] in <4e64905d831f4883a53259ef37fb023b>:0 
UnityEngine.StackTraceUtility:ExtractStackTrace ()
UnityEngine.DebugLogHandler:LogFormat (UnityEngine.LogType,UnityEngine.Object,string,object[])
UnityEngine.Logger:Log (UnityEngine.LogType,object)
UnityEngine.Debug:LogError (object)
UnityEditor.EditorAssemblies:ProcessInitializeOnLoadMethodAttributes ()

Mono: successfully reloaded assembly
- Completed reload, in  1.876 seconds
Domain Reload Profiling:
	ReloadAssembly (1877ms)
		BeginReloadAssembly (200ms)
			ExecutionOrderSort (0ms)
			DisableScriptedObjects (8ms)
			BackupInstance (0ms)
			ReleaseScriptingObjects (0ms)
			CreateAndSetChildDomain (54ms)
		EndReloadAssembly (1520ms)
			LoadAssemblies (142ms)
			RebuildTransferFunctionScriptingTraits (0ms)
			SetupTypeCache (367ms)
			ReleaseScriptCaches (3ms)
			RebuildScriptCaches (91ms)
			SetupLoadedEditorAssemblies (818ms)
				LogAssemblyErrors (0ms)
				InitializePlatformSupportModulesInManaged (32ms)
				SetLoadedEditorAssemblies (1ms)
				RefreshPlugins (2ms)
				BeforeProcessingInitializeOnLoad (150ms)
				ProcessInitializeOnLoadAttributes (484ms)
				ProcessInitializeOnLoadMethodAttributes (139ms)
				AfterProcessingInitializeOnLoad (9ms)
				EditorAssembliesLoaded (0ms)
			ExecutionOrderSort2 (0ms)
			AwakeInstancesAfterBackupRestoration (23ms)
Platform modules already initialized, skipping
Refreshing native plugins compatible for Editor in 4.72 ms, found 6 plugins.
Preloading 1 native plugins for Editor in 0.11 ms.
Unloading 4100 Unused Serialized files (Serialized files now loaded: 0)
Unloading 30 unused Assets / (0.7 MB). Loaded Objects now: 4774.
Memory consumption went from 222.7 MB to 222.0 MB.
Total: 7.007300 ms (FindLiveObjects: 0.475600 ms CreateObjectMapping: 0.299200 ms MarkObjects: 5.727200 ms  DeleteObjects: 0.503000 ms)

AssetImportParameters requested are different than current active one (requested -> active):
  custom:video-decoder-ogg-theora: a1e56fd34408186e4bbccfd4996cb3dc -> 
  custom:container-muxer-webm: aa71ff27fc2769a1b78a27578f13a17b -> 
  custom:container-demuxer-webm: 4f35f7cbe854078d1ac9338744f61a02 -> 
  custom:video-encoder-webm-vp8: eb34c28f22e8b96e1ab97ce403110664 -> 
  custom:audio-encoder-webm-vorbis: bf7c407c2cedff20999df2af8eb42d56 -> 
  custom:framework-win-MediaFoundation: 216162199b28c13a410421893ffa2e32 -> 
  custom:container-demuxer-ogg: 62fdf1f143b41e24485cea50d1cbac27 -> 
  custom:video-decoder-webm-vp8: 9c59270c3fd7afecdb556c50c9e8de78 -> 
  custom:audio-decoder-ogg-vorbis: bf7c407c2cedff20999df2af8eb42d56 -> 
========================================================================
Received Import Request.
  Time since last request: 434.954606 seconds.
  path: Assets/XR-Interaction-Toolkit-Examples-master/VR/Assets/Scenes/UniversalRenderPipelineAsset.asset
  artifactKey: Guid(e7d721ba93096594bb86dd586469c08e) Importer(815301076,1909f56bfc062723c751e8b465ee728b)
Start importing Assets/XR-Interaction-Toolkit-Examples-master/VR/Assets/Scenes/UniversalRenderPipelineAsset.asset using Guid(e7d721ba93096594bb86dd586469c08e) Importer(815301076,1909f56bfc062723c751e8b465ee728b)  -> (artifact id: '3e97d1630b76a8e0240f7fe18cea7133') in 0.025673 seconds 
========================================================================
Received Import Request.
  Time since last request: 15.254022 seconds.
  path: Assets/Scenes
  artifactKey: Guid(f4be316cb100cf947866b5f792da292c) Importer(815301076,1909f56bfc062723c751e8b465ee728b)
Start importing Assets/Scenes using Guid(f4be316cb100cf947866b5f792da292c) Importer(815301076,1909f56bfc062723c751e8b465ee728b)  -> (artifact id: '2029bdcbd120e4feaaba52cc29263fca') in 0.003691 seconds 
========================================================================
Received Import Request.
  Time since last request: 2.482157 seconds.
  path: Assets/shared stuff
  artifactKey: Guid(82fd0b1c5841f284fb1e870d478375c8) Importer(815301076,1909f56bfc062723c751e8b465ee728b)
Start importing Assets/shared stuff using Guid(82fd0b1c5841f284fb1e870d478375c8) Importer(815301076,1909f56bfc062723c751e8b465ee728b)  -> (artifact id: 'febb0d86657af0e9ac6e301855ac1b1a') in 0.001432 seconds 
========================================================================
Received Import Request.
  Time since last request: 1.859298 seconds.
  path: Assets/Scenes/XR scene both oculus and device simulator.unity
  artifactKey: Guid(ae54c30a9a02a8a4797d61a26aed42b4) Importer(815301076,1909f56bfc062723c751e8b465ee728b)
Start importing Assets/Scenes/XR scene both oculus and device simulator.unity using Guid(ae54c30a9a02a8a4797d61a26aed42b4) Importer(815301076,1909f56bfc062723c751e8b465ee728b)  -> (artifact id: 'bd08d174c1076aafa65f8bcdb452b49a') in 0.001892 seconds 
========================================================================
Received Import Request.
  Time since last request: 57.858367 seconds.
  path: Assets/XR-Interaction-Toolkit-Examples-master/VR/Assets/Scripts/UpdateControlText.cs
  artifactKey: Guid(bf4642d2c5eab1a46a57c9434c7398c8) Importer(815301076,1909f56bfc062723c751e8b465ee728b)
Start importing Assets/XR-Interaction-Toolkit-Examples-master/VR/Assets/Scripts/UpdateControlText.cs using Guid(bf4642d2c5eab1a46a57c9434c7398c8) Importer(815301076,1909f56bfc062723c751e8b465ee728b)  -> (artifact id: '4a1822879b5369fd02285d8aeb9df838') in 0.010112 seconds 
========================================================================
Received Import Request.
  Time since last request: 0.008949 seconds.
  path: Assets/Oculus/LipSync/Scenes/Scripts/LipSyncDemo_Control.cs
  artifactKey: Guid(8a6c32d06b48d244b9c65729404d2afe) Importer(815301076,1909f56bfc062723c751e8b465ee728b)
Start importing Assets/Oculus/LipSync/Scenes/Scripts/LipSyncDemo_Control.cs using Guid(8a6c32d06b48d244b9c65729404d2afe) Importer(815301076,1909f56bfc062723c751e8b465ee728b)  -> (artifact id: 'e528b3ac272a7b07ae474a75febaa9e7') in 0.002524 seconds 
========================================================================
Received Import Request.
  Time since last request: 0.000041 seconds.
  path: Assets/XR-Interaction-Toolkit-Examples-master/VR/Assets/Materials/LineVisual.mat
  artifactKey: Guid(6c97eba138bb6c64697ea7ca63a27ad7) Importer(815301076,1909f56bfc062723c751e8b465ee728b)
Start importing Assets/XR-Interaction-Toolkit-Examples-master/VR/Assets/Materials/LineVisual.mat using Guid(6c97eba138bb6c64697ea7ca63a27ad7) Importer(815301076,1909f56bfc062723c751e8b465ee728b)  -> (artifact id: '6a665bf1c1dd0a3ebf6386be5f71e0ce') in 0.659336 seconds 
========================================================================
Received Import Request.
  Time since last request: 0.002794 seconds.
  path: Assets/Oculus/LipSync/Editor/OVRLipSyncBuildPostProcessor.cs
  artifactKey: Guid(73f38d977e4ed45f48b632a00fb9c579) Importer(815301076,1909f56bfc062723c751e8b465ee728b)
Start importing Assets/Oculus/LipSync/Editor/OVRLipSyncBuildPostProcessor.cs using Guid(73f38d977e4ed45f48b632a00fb9c579) Importer(815301076,1909f56bfc062723c751e8b465ee728b)  -> (artifact id: 'eefc2ad922aceed4db2620912f4a342a') in 0.001352 seconds 
========================================================================
Received Import Request.
  Time since last request: 0.001238 seconds.
  path: Assets/XR-Interaction-Toolkit-Examples-master/VR/Assets/Scripts/ComplexCube.cs
  artifactKey: Guid(76a60a6845fa72b48a2c1952b20314c5) Importer(815301076,1909f56bfc062723c751e8b465ee728b)
Start importing Assets/XR-Interaction-Toolkit-Examples-master/VR/Assets/Scripts/ComplexCube.cs using Guid(76a60a6845fa72b48a2c1952b20314c5) Importer(815301076,1909f56bfc062723c751e8b465ee728b)  -> (artifact id: 'c7a8a1d5159f1570e24f390cee0624f4') in 0.001278 seconds 
========================================================================
Received Import Request.
  Time since last request: 0.002072 seconds.
  path: Assets/XR-Interaction-Toolkit-Examples-master/VR/Assets/TextMesh Pro/Resources/Shaders/TMP_SDF.shader
  artifactKey: Guid(68e6db2ebdc24f95958faec2be5558d6) Importer(815301076,1909f56bfc062723c751e8b465ee728b)
Start importing Assets/XR-Interaction-Toolkit-Examples-master/VR/Assets/TextMesh Pro/Resources/Shaders/TMP_SDF.shader using Guid(68e6db2ebdc24f95958faec2be5558d6) Importer(815301076,1909f56bfc062723c751e8b465ee728b)  -> (artifact id: '7d872fd87998771bbdddea7bb7021175') in 0.010619 seconds 
========================================================================
Received Import Request.
  Time since last request: 0.005440 seconds.
  path: Assets/XR-Interaction-Toolkit-Examples-master/VR/Assets/Scripts/LocomotionSchemeManager.cs
  artifactKey: Guid(56f7a77daaa031c408855b73701842e5) Importer(815301076,1909f56bfc062723c751e8b465ee728b)
Start importing Assets/XR-Interaction-Toolkit-Examples-master/VR/Assets/Scripts/LocomotionSchemeManager.cs using Guid(56f7a77daaa031c408855b73701842e5) Importer(815301076,1909f56bfc062723c751e8b465ee728b)  -> (artifact id: 'd9191f4e81ed2e354b247949d7f482d3') in 0.002279 seconds 
========================================================================
Received Import Request.
  Time since last request: 0.000974 seconds.
  path: Assets/Oculus/LipSync/Scripts/OVRLipSyncSequence.cs
  artifactKey: Guid(354250b5dc6a14f49b541724e9dd3c37) Importer(815301076,1909f56bfc062723c751e8b465ee728b)
Start importing Assets/Oculus/LipSync/Scripts/OVRLipSyncSequence.cs using Guid(354250b5dc6a14f49b541724e9dd3c37) Importer(815301076,1909f56bfc062723c751e8b465ee728b)  -> (artifact id: 'eccb1b7a021171d1bbb28e05b25c8fae') in 0.001761 seconds 
========================================================================
Received Import Request.
  Time since last request: 0.041980 seconds.
  path: Assets/XR-Interaction-Toolkit-Examples-master/VR/Assets/Shaders/SimpleTeleportHighlight.shader
  artifactKey: Guid(f944313c66865984aae095becc2c706e) Importer(815301076,1909f56bfc062723c751e8b465ee728b)
Start importing Assets/XR-Interaction-Toolkit-Examples-master/VR/Assets/Shaders/SimpleTeleportHighlight.shader using Guid(f944313c66865984aae095becc2c706e) Importer(815301076,1909f56bfc062723c751e8b465ee728b)  -> (artifact id: '49bb0e92efa092e237793a6fc13ed2ba') in 0.001591 seconds 
========================================================================
Received Import Request.
  Time since last request: 0.038260 seconds.
  path: Assets/Oculus/LipSync/Scripts/OVRLipSyncContextTextureFlip.cs
  artifactKey: Guid(bc30a49f30010eb42a8b59ec685eac57) Importer(815301076,1909f56bfc062723c751e8b465ee728b)
Start importing Assets/Oculus/LipSync/Scripts/OVRLipSyncContextTextureFlip.cs using Guid(bc30a49f30010eb42a8b59ec685eac57) Importer(815301076,1909f56bfc062723c751e8b465ee728b)  -> (artifact id: '68b7effd102ee34d74bd6d02749632a9') in 0.001603 seconds 
========================================================================
Received Import Request.
  Time since last request: 0.006056 seconds.
  path: Assets/Oculus/LipSync/Models/RobotHead_TextureFlip/Materials/sil.mat
  artifactKey: Guid(5290b3a55eaa1b7458665dc2d856c042) Importer(815301076,1909f56bfc062723c751e8b465ee728b)
Start importing Assets/Oculus/LipSync/Models/RobotHead_TextureFlip/Materials/sil.mat using Guid(5290b3a55eaa1b7458665dc2d856c042) Importer(815301076,1909f56bfc062723c751e8b465ee728b)  -> (artifact id: '84bbf4bc8650e0550d427e62a409ca8f') in 0.023596 seconds 
========================================================================
Received Import Request.
  Time since last request: 0.019555 seconds.
  path: Assets/Oculus/LipSync/Scripts/Helpers/OVRTouchpad.cs
  artifactKey: Guid(edde1cb2a78471f409fce5084e6c720c) Importer(815301076,1909f56bfc062723c751e8b465ee728b)
Start importing Assets/Oculus/LipSync/Scripts/Helpers/OVRTouchpad.cs using Guid(edde1cb2a78471f409fce5084e6c720c) Importer(815301076,1909f56bfc062723c751e8b465ee728b)  -> (artifact id: '99e7d98747ffee972983679de9a2f617') in 0.001982 seconds 
========================================================================
Received Import Request.
  Time since last request: 0.010595 seconds.
  path: Assets/Oculus/LipSync/Scripts/Helpers/OVRNamedArrayAttribute.cs
  artifactKey: Guid(7537accd8e2c6024c860b20e3e7e3424) Importer(815301076,1909f56bfc062723c751e8b465ee728b)
Start importing Assets/Oculus/LipSync/Scripts/Helpers/OVRNamedArrayAttribute.cs using Guid(7537accd8e2c6024c860b20e3e7e3424) Importer(815301076,1909f56bfc062723c751e8b465ee728b)  -> (artifact id: 'e71bfdb45e074dcac87ba3fc80148399') in 0.001913 seconds 
========================================================================
Received Import Request.
  Time since last request: 0.012136 seconds.
  path: Assets/Oculus/LipSync/Editor/OVRNamedArrayPropertyDrawer.cs
  artifactKey: Guid(c2d166626e0b34a40b774467cc6c5868) Importer(815301076,1909f56bfc062723c751e8b465ee728b)
Start importing Assets/Oculus/LipSync/Editor/OVRNamedArrayPropertyDrawer.cs using Guid(c2d166626e0b34a40b774467cc6c5868) Importer(815301076,1909f56bfc062723c751e8b465ee728b)  -> (artifact id: '438f403982f741ed7318785e16acc668') in 0.001506 seconds 
========================================================================
Received Import Request.
  Time since last request: 0.000594 seconds.
  path: Assets/Oculus/LipSync/Editor/OVRLipSyncTool.cs
  artifactKey: Guid(08b0ff764adc142d79bfae7dd917cc16) Importer(815301076,1909f56bfc062723c751e8b465ee728b)
Start importing Assets/Oculus/LipSync/Editor/OVRLipSyncTool.cs using Guid(08b0ff764adc142d79bfae7dd917cc16) Importer(815301076,1909f56bfc062723c751e8b465ee728b)  -> (artifact id: 'd82520eed7a5629661dd0b704e18df6b') in 0.001495 seconds 
========================================================================
Received Import Request.
  Time since last request: 0.000623 seconds.
  path: Assets/Oculus/LipSync/Scenes/Scripts/EnableSwitch.cs
  artifactKey: Guid(50cd36abe38c57646bcd09be2353f905) Importer(815301076,1909f56bfc062723c751e8b465ee728b)
Start importing Assets/Oculus/LipSync/Scenes/Scripts/EnableSwitch.cs using Guid(50cd36abe38c57646bcd09be2353f905) Importer(815301076,1909f56bfc062723c751e8b465ee728b)  -> (artifact id: 'b4b74235c46165e04e36ea282970627a') in 0.001407 seconds 
========================================================================
Received Import Request.
  Time since last request: 0.000559 seconds.
  path: Assets/Oculus/LipSync/Scripts/Helpers/OVRLipSyncDebugConsole.cs
  artifactKey: Guid(c60ad94815c68aa41a786306cd588495) Importer(815301076,1909f56bfc062723c751e8b465ee728b)
Start importing Assets/Oculus/LipSync/Scripts/Helpers/OVRLipSyncDebugConsole.cs using Guid(c60ad94815c68aa41a786306cd588495) Importer(815301076,1909f56bfc062723c751e8b465ee728b)  -> (artifact id: '158eae258f5a42ddfe3d58398012d562') in 0.001749 seconds 
========================================================================
Received Import Request.
  Time since last request: 0.001734 seconds.
  path: Assets/XR-Interaction-Toolkit-Examples-master/VR/Assets/Scripts/ActionBasedControllerManager.cs
  artifactKey: Guid(9c5c5d0bdefe3d14482446511d7b4a4e) Importer(815301076,1909f56bfc062723c751e8b465ee728b)
Start importing Assets/XR-Interaction-Toolkit-Examples-master/VR/Assets/Scripts/ActionBasedControllerManager.cs using Guid(9c5c5d0bdefe3d14482446511d7b4a4e) Importer(815301076,1909f56bfc062723c751e8b465ee728b)  -> (artifact id: 'a84e6df169b7e2527cf15fd21cc91f88') in 0.001233 seconds 
========================================================================
Received Import Request.
  Time since last request: 0.008179 seconds.
  path: Assets/XR-Interaction-Toolkit-Examples-master/VR/Assets/Scripts/LocomotionConfigurationMenu.cs
  artifactKey: Guid(8732adba0b75fda4da887b948b49011d) Importer(815301076,1909f56bfc062723c751e8b465ee728b)
Start importing Assets/XR-Interaction-Toolkit-Examples-master/VR/Assets/Scripts/LocomotionConfigurationMenu.cs using Guid(8732adba0b75fda4da887b948b49011d) Importer(815301076,1909f56bfc062723c751e8b465ee728b)  -> (artifact id: 'e6dc93a3cf5564a8c87ff8cb5847e7e4') in 0.001253 seconds 
========================================================================
Received Import Request.
  Time since last request: 0.016951 seconds.
  path: Assets/Oculus/LipSync/Scenes/Scripts/LipSyncDemo_SetCurrentTarget.cs
  artifactKey: Guid(c62f9b5ef85d22f449e72c67c610059d) Importer(815301076,1909f56bfc062723c751e8b465ee728b)
Start importing Assets/Oculus/LipSync/Scenes/Scripts/LipSyncDemo_SetCurrentTarget.cs using Guid(c62f9b5ef85d22f449e72c67c610059d) Importer(815301076,1909f56bfc062723c751e8b465ee728b)  -> (artifact id: 'df6e5db4736d6266e653398dee749103') in 0.001599 seconds 
========================================================================
Received Import Request.
  Time since last request: 0.000258 seconds.
  path: Assets/Oculus/LipSync/Editor/OVRLipSyncContextMorphTargetEditor.cs
  artifactKey: Guid(a7d01b0eb149d9945a23728e5c7f5fcb) Importer(815301076,1909f56bfc062723c751e8b465ee728b)
Start importing Assets/Oculus/LipSync/Editor/OVRLipSyncContextMorphTargetEditor.cs using Guid(a7d01b0eb149d9945a23728e5c7f5fcb) Importer(815301076,1909f56bfc062723c751e8b465ee728b)  -> (artifact id: 'f7e5120dc84e496a73a35606e91786fc') in 0.001669 seconds 
========================================================================
Received Import Request.
  Time since last request: 0.000440 seconds.
  path: Assets/XR-Interaction-Toolkit-Examples-master/VR/Assets/Scripts/BubbleGun.cs
  artifactKey: Guid(2191b183ac6d07d42a768295c0c717f8) Importer(815301076,1909f56bfc062723c751e8b465ee728b)
Start importing Assets/XR-Interaction-Toolkit-Examples-master/VR/Assets/Scripts/BubbleGun.cs using Guid(2191b183ac6d07d42a768295c0c717f8) Importer(815301076,1909f56bfc062723c751e8b465ee728b)  -> (artifact id: '75fcd38831670843e86659592cfa6225') in 0.001576 seconds 
========================================================================
Received Import Request.
  Time since last request: 0.028744 seconds.
  path: Assets/XR-Interaction-Toolkit-Examples-master/VR/Assets/Scripts/ControllerManager.cs
  artifactKey: Guid(ba706e5cce610884ab194e68db6a910e) Importer(815301076,1909f56bfc062723c751e8b465ee728b)
Start importing Assets/XR-Interaction-Toolkit-Examples-master/VR/Assets/Scripts/ControllerManager.cs using Guid(ba706e5cce610884ab194e68db6a910e) Importer(815301076,1909f56bfc062723c751e8b465ee728b)  -> (artifact id: 'ac74e6394a9b4cb0e4ee28033993bf07') in 0.001571 seconds 
========================================================================
Received Import Request.
  Time since last request: 0.004161 seconds.
  path: Assets/XR-Interaction-Toolkit-Examples-master/VR/Assets/TextMesh Pro/Resources/Shaders/TMPro_Properties.cginc
  artifactKey: Guid(3997e2241185407d80309a82f9148466) Importer(815301076,1909f56bfc062723c751e8b465ee728b)
Start importing Assets/XR-Interaction-Toolkit-Examples-master/VR/Assets/TextMesh Pro/Resources/Shaders/TMPro_Properties.cginc using Guid(3997e2241185407d80309a82f9148466) Importer(815301076,1909f56bfc062723c751e8b465ee728b)  -> (artifact id: 'c3c53d2dbba96e744ae7b338d8fdb4f8') in 0.007855 seconds 
========================================================================
Received Import Request.
  Time since last request: 0.000365 seconds.
  path: Assets/XR-Interaction-Toolkit-Examples-master/VR/Assets/Materials/WhiteSmooth.mat
  artifactKey: Guid(616853845a4a54949ac851f2f807aa2a) Importer(815301076,1909f56bfc062723c751e8b465ee728b)
Start importing Assets/XR-Interaction-Toolkit-Examples-master/VR/Assets/Materials/WhiteSmooth.mat using Guid(616853845a4a54949ac851f2f807aa2a) Importer(815301076,1909f56bfc062723c751e8b465ee728b)  -> (artifact id: 'c2ee9918e2064519fe16c6ae580bf5e5') in 0.017560 seconds 
========================================================================
Received Import Request.
  Time since last request: 0.004437 seconds.
  path: Assets/XR-Interaction-Toolkit-Examples-master/VR/Assets/VR Examples/Materials/NavyDarkGrid.mat
  artifactKey: Guid(01c04496878436140922b19f5220712b) Importer(815301076,1909f56bfc062723c751e8b465ee728b)
Start importing Assets/XR-Interaction-Toolkit-Examples-master/VR/Assets/VR Examples/Materials/NavyDarkGrid.mat using Guid(01c04496878436140922b19f5220712b) Importer(815301076,1909f56bfc062723c751e8b465ee728b)  -> (artifact id: '05160fcdb764359bc72e5e9162fc6b15') in 1.481435 seconds 
========================================================================
Received Import Request.
  Time since last request: 0.006415 seconds.
  path: Assets/XR-Interaction-Toolkit-Examples-master/VR/Assets/Models/directionArrow.fbx
  artifactKey: Guid(7b7d015547517be43ae96ab8ebc96ae2) Importer(815301076,1909f56bfc062723c751e8b465ee728b)
Start importing Assets/XR-Interaction-Toolkit-Examples-master/VR/Assets/Models/directionArrow.fbx using Guid(7b7d015547517be43ae96ab8ebc96ae2) Importer(815301076,1909f56bfc062723c751e8b465ee728b)  -> (artifact id: '36b750bc47a52eff4959bb55586caab0') in 0.079925 seconds 
========================================================================
Received Import Request.
  Time since last request: 0.022669 seconds.
  path: Assets/Oculus/LipSync/Audio/vox_lp_01_lipSync.asset
  artifactKey: Guid(1ccea2acd443f4ad4bb9a9f33fc960c0) Importer(815301076,1909f56bfc062723c751e8b465ee728b)
Start importing Assets/Oculus/LipSync/Audio/vox_lp_01_lipSync.asset using Guid(1ccea2acd443f4ad4bb9a9f33fc960c0) Importer(815301076,1909f56bfc062723c751e8b465ee728b)  -> (artifact id: '038bcf765f8ffaba21cbfcde9ae05235') in 0.012223 seconds 
========================================================================
Received Import Request.
  Time since last request: 0.000510 seconds.
  path: Assets/XR-Interaction-Toolkit-Examples-master/VR/Assets/TextMesh Pro/Resources/Shaders/TMPro.cginc
  artifactKey: Guid(407bc68d299748449bbf7f48ee690f8d) Importer(815301076,1909f56bfc062723c751e8b465ee728b)
Start importing Assets/XR-Interaction-Toolkit-Examples-master/VR/Assets/TextMesh Pro/Resources/Shaders/TMPro.cginc using Guid(407bc68d299748449bbf7f48ee690f8d) Importer(815301076,1909f56bfc062723c751e8b465ee728b)  -> (artifact id: '76e6f794953c525dc8750b1af36f0143') in 0.006197 seconds 
========================================================================
Received Import Request.
  Time since last request: 0.031741 seconds.
  path: Assets/XR-Interaction-Toolkit-Examples-master/VR/Assets/VR Examples/Materials/NavySmooth.mat
  artifactKey: Guid(bccdb449802ea144b8709da9bac60356) Importer(815301076,1909f56bfc062723c751e8b465ee728b)
Start importing Assets/XR-Interaction-Toolkit-Examples-master/VR/Assets/VR Examples/Materials/NavySmooth.mat using Guid(bccdb449802ea144b8709da9bac60356) Importer(815301076,1909f56bfc062723c751e8b465ee728b)  -> (artifact id: 'da1a2d429ceb6000096deacf7037dc57') in 0.011591 seconds 
========================================================================
Received Import Request.
  Time since last request: 0.017511 seconds.
  path: Assets/Oculus/LipSync/Models/FemaleHead_Morph/Female.fbx
  artifactKey: Guid(cbaf1c32e7ec84f10a51be1b09c0ef46) Importer(815301076,1909f56bfc062723c751e8b465ee728b)
Start importing Assets/Oculus/LipSync/Models/FemaleHead_Morph/Female.fbx using Guid(cbaf1c32e7ec84f10a51be1b09c0ef46) Importer(815301076,1909f56bfc062723c751e8b465ee728b)  -> (artifact id: '3c11bf2135ae157b160843113a394de5') in 0.069830 seconds 
========================================================================
Received Import Request.
  Time since last request: 0.031240 seconds.
  path: Assets/XR-Interaction-Toolkit-Examples-master/VR/Assets/Shaders/pulsingEffectShader.shader
  artifactKey: Guid(6a538b6dd46210a4bbe03d1fad5b6334) Importer(815301076,1909f56bfc062723c751e8b465ee728b)
Start importing Assets/XR-Interaction-Toolkit-Examples-master/VR/Assets/Shaders/pulsingEffectShader.shader using Guid(6a538b6dd46210a4bbe03d1fad5b6334) Importer(815301076,1909f56bfc062723c751e8b465ee728b)  -> (artifact id: '2b58c679fc7eb2892ecab422fa148f2d') in 0.002071 seconds 
========================================================================
Received Import Request.
  Time since last request: 0.000502 seconds.
  path: Assets/Oculus/LipSync/Scripts/OVRLipSyncContextCanned.cs
  artifactKey: Guid(e073e338e215b4ae9a7fcdf6891e7955) Importer(815301076,1909f56bfc062723c751e8b465ee728b)
Start importing Assets/Oculus/LipSync/Scripts/OVRLipSyncContextCanned.cs using Guid(e073e338e215b4ae9a7fcdf6891e7955) Importer(815301076,1909f56bfc062723c751e8b465ee728b)  -> (artifact id: '3abfb1c8b33301c75eb2e2648eabba76') in 0.001865 seconds 
========================================================================
Received Import Request.
  Time since last request: 0.000599 seconds.
  path: Assets/Oculus/LipSync/Scripts/OVRLipSyncContextMorphTarget.cs
  artifactKey: Guid(b0b97b38f2f1fd24185315141a6c6a56) Importer(815301076,1909f56bfc062723c751e8b465ee728b)
Start importing Assets/Oculus/LipSync/Scripts/OVRLipSyncContextMorphTarget.cs using Guid(b0b97b38f2f1fd24185315141a6c6a56) Importer(815301076,1909f56bfc062723c751e8b465ee728b)  -> (artifact id: '0a42194c4e1341b1b271e199264e6a7d') in 0.001995 seconds 
========================================================================
Received Import Request.
  Time since last request: 0.001099 seconds.
  path: Assets/XR-Interaction-Toolkit-Examples-master/VR/Assets/Models/floatingAnchor.fbx
  artifactKey: Guid(c3d9c381bf9aaa04288d35ed2553aa4b) Importer(815301076,1909f56bfc062723c751e8b465ee728b)
Start importing Assets/XR-Interaction-Toolkit-Examples-master/VR/Assets/Models/floatingAnchor.fbx using Guid(c3d9c381bf9aaa04288d35ed2553aa4b) Importer(815301076,1909f56bfc062723c751e8b465ee728b)  -> (artifact id: '88cd605ce77f09b68ea7b997bb01aef7') in 0.043770 seconds 
========================================================================
Received Import Request.
  Time since last request: 0.031057 seconds.
  path: Assets/Oculus/LipSync/Scripts/OVRLipSyncContext.cs
  artifactKey: Guid(f43c520a9bad8a3489109c869f454576) Importer(815301076,1909f56bfc062723c751e8b465ee728b)
Start importing Assets/Oculus/LipSync/Scripts/OVRLipSyncContext.cs using Guid(f43c520a9bad8a3489109c869f454576) Importer(815301076,1909f56bfc062723c751e8b465ee728b)  -> (artifact id: 'a59fe9929a063fdcc77f1704acdafdd9') in 0.001775 seconds 
========================================================================
Received Import Request.
  Time since last request: 0.030648 seconds.
  path: Assets/XR-Interaction-Toolkit-Examples-master/VR/Assets/VR Examples/Textures/SwatchNavyDarkAlbedo.png
  artifactKey: Guid(b64756a3fbf7f7e42b02aa3aa8669374) Importer(815301076,1909f56bfc062723c751e8b465ee728b)
Start importing Assets/XR-Interaction-Toolkit-Examples-master/VR/Assets/VR Examples/Textures/SwatchNavyDarkAlbedo.png using Guid(b64756a3fbf7f7e42b02aa3aa8669374) Importer(815301076,1909f56bfc062723c751e8b465ee728b)  -> (artifact id: 'cfb7cae6a2efa41cce58afc08f9da768') in 0.017775 seconds 
========================================================================
Received Import Request.
  Time since last request: 0.011817 seconds.
  path: Assets/Oculus/LipSync/Scripts/OVRLipSync.cs
  artifactKey: Guid(82aa5cb7a870de440baadff9083be41c) Importer(815301076,1909f56bfc062723c751e8b465ee728b)
Start importing Assets/Oculus/LipSync/Scripts/OVRLipSync.cs using Guid(82aa5cb7a870de440baadff9083be41c) Importer(815301076,1909f56bfc062723c751e8b465ee728b)  -> (artifact id: 'cca3e61ce2bcaa05822558c5b10334d4') in 0.001681 seconds 
========================================================================
Received Import Request.
  Time since last request: 0.000591 seconds.
  path: Assets/Oculus/LipSync/Scripts/OVRLipSyncMicInput.cs
  artifactKey: Guid(02d5ed157083b494e85013bad8fd5e12) Importer(815301076,1909f56bfc062723c751e8b465ee728b)
Start importing Assets/Oculus/LipSync/Scripts/OVRLipSyncMicInput.cs using Guid(02d5ed157083b494e85013bad8fd5e12) Importer(815301076,1909f56bfc062723c751e8b465ee728b)  -> (artifact id: '7ed46fef660d8d048d6424d9fd8e8af5') in 0.001523 seconds 
========================================================================
Received Import Request.
  Time since last request: 0.005546 seconds.
  path: Assets/XR-Interaction-Toolkit-Examples-master/VR/Assets/VR Examples/Textures/SwatchNavyAlbedo.png
  artifactKey: Guid(ee5f9bf88befa4e4eb6ac1d74dae4051) Importer(815301076,1909f56bfc062723c751e8b465ee728b)
Start importing Assets/XR-Interaction-Toolkit-Examples-master/VR/Assets/VR Examples/Textures/SwatchNavyAlbedo.png using Guid(ee5f9bf88befa4e4eb6ac1d74dae4051) Importer(815301076,1909f56bfc062723c751e8b465ee728b)  -> (artifact id: '3858b25f6dd2bcb950ab2d267b9a3203') in 0.008275 seconds 
========================================================================
Received Import Request.
  Time since last request: 0.011712 seconds.
  path: Assets/XR-Interaction-Toolkit-Examples-master/VR/Assets/VR Examples/Materials/NavyGrid.mat
  artifactKey: Guid(297e3a11e7d07fc48b4f71056b4f927f) Importer(815301076,1909f56bfc062723c751e8b465ee728b)
Start importing Assets/XR-Interaction-Toolkit-Examples-master/VR/Assets/VR Examples/Materials/NavyGrid.mat using Guid(297e3a11e7d07fc48b4f71056b4f927f) Importer(815301076,1909f56bfc062723c751e8b465ee728b)  -> (artifact id: 'dedd4f7cac6906350222082d83b372da') in 0.012505 seconds 
========================================================================
Received Import Request.
  Time since last request: 0.014970 seconds.
  path: Assets/Oculus/LipSync/Audio/vox_lp_01.wav
  artifactKey: Guid(e21cea670b0f32c428ee862e590a7108) Importer(815301076,1909f56bfc062723c751e8b465ee728b)
Start importing Assets/Oculus/LipSync/Audio/vox_lp_01.wav using Guid(e21cea670b0f32c428ee862e590a7108) Importer(815301076,1909f56bfc062723c751e8b465ee728b)  -> (artifact id: '73ca8f49d6f64c6f137d55efb13a3365') in 0.040071 seconds 
========================================================================
Received Import Request.
  Time since last request: 0.017860 seconds.
  path: Assets/Oculus/LipSync/Scripts/OVRLipSyncContextBase.cs
  artifactKey: Guid(c0d528b758a004fcaac677043e8de6ad) Importer(815301076,1909f56bfc062723c751e8b465ee728b)
Start importing Assets/Oculus/LipSync/Scripts/OVRLipSyncContextBase.cs using Guid(c0d528b758a004fcaac677043e8de6ad) Importer(815301076,1909f56bfc062723c751e8b465ee728b)  -> (artifact id: '82b00c2458e8e82bde4da13a0aad2c7f') in 0.001786 seconds 
========================================================================
Received Import Request.
  Time since last request: 0.000265 seconds.
  path: Assets/XR-Interaction-Toolkit-Examples-master/VR/Assets/Materials/PulseEngines.mat
  artifactKey: Guid(30501e50b7d91284d80a29ae06b4ed27) Importer(815301076,1909f56bfc062723c751e8b465ee728b)
Start importing Assets/XR-Interaction-Toolkit-Examples-master/VR/Assets/Materials/PulseEngines.mat using Guid(30501e50b7d91284d80a29ae06b4ed27) Importer(815301076,1909f56bfc062723c751e8b465ee728b)  -> (artifact id: 'd2b923b64ade044f2e2da64f513a88ac') in 0.010376 seconds 
========================================================================
Received Import Request.
  Time since last request: 0.006908 seconds.
  path: Assets/XR-Interaction-Toolkit-Examples-master/VR/Assets/Models/fileAnchorWall.fbx
  artifactKey: Guid(2b85dc402886aac4abf0308b20bd1a7b) Importer(815301076,1909f56bfc062723c751e8b465ee728b)
Start importing Assets/XR-Interaction-Toolkit-Examples-master/VR/Assets/Models/fileAnchorWall.fbx using Guid(2b85dc402886aac4abf0308b20bd1a7b) Importer(815301076,1909f56bfc062723c751e8b465ee728b)  -> (artifact id: '2f4f94723cd00e558ba0a82218759bf5') in 0.024987 seconds 
========================================================================
Received Import Request.
  Time since last request: 0.003859 seconds.
  path: Assets/XR-Interaction-Toolkit-Examples-master/VR/Assets/VR Examples/Textures/GridEmissive.png
  artifactKey: Guid(f12438971f1ef65478bf3b3f12e0aab4) Importer(815301076,1909f56bfc062723c751e8b465ee728b)
Start importing Assets/XR-Interaction-Toolkit-Examples-master/VR/Assets/VR Examples/Textures/GridEmissive.png using Guid(f12438971f1ef65478bf3b3f12e0aab4) Importer(815301076,1909f56bfc062723c751e8b465ee728b)  -> (artifact id: '88bf4887c6d9f6201a209fe80cadaa29') in 0.010316 seconds 
========================================================================
Received Import Request.
  Time since last request: 0.024132 seconds.
  path: Assets/XR-Interaction-Toolkit-Examples-master/VR/Assets/Models/controller.fbx
  artifactKey: Guid(e3881b2fb79daf942aa3338ec96dadf3) Importer(815301076,1909f56bfc062723c751e8b465ee728b)
Start importing Assets/XR-Interaction-Toolkit-Examples-master/VR/Assets/Models/controller.fbx using Guid(e3881b2fb79daf942aa3338ec96dadf3) Importer(815301076,1909f56bfc062723c751e8b465ee728b)  -> (artifact id: '96829e936194209292609f780e9ea12b') in 0.066991 seconds 
========================================================================
Received Import Request.
  Time since last request: 66.165386 seconds.
  path: Assets/download.png
  artifactKey: Guid(6bf93ee4304a11f4e8881785321b6467) Importer(815301076,1909f56bfc062723c751e8b465ee728b)
Start importing Assets/download.png using Guid(6bf93ee4304a11f4e8881785321b6467) Importer(815301076,1909f56bfc062723c751e8b465ee728b)  -> (artifact id: '9c075f1bbb5a1d4194dc0da532a4290d') in 0.047580 seconds 
========================================================================
Received Import Request.
  Time since last request: 29.116717 seconds.
  path: Assets
  artifactKey: Guid(00000000000000001000000000000000) Importer(815301076,1909f56bfc062723c751e8b465ee728b)
Start importing Assets using Guid(00000000000000001000000000000000) Importer(815301076,1909f56bfc062723c751e8b465ee728b)  -> (artifact id: '79842766b460edbeab6a34051e857a80') in 0.001590 seconds 
========================================================================
Received Import Request.
  Time since last request: 7.801088 seconds.
  path: Assets/New Material.mat
  artifactKey: Guid(0b4a9601f8e3aa344bfb378d632db88b) Importer(815301076,1909f56bfc062723c751e8b465ee728b)
Start importing Assets/New Material.mat using Guid(0b4a9601f8e3aa344bfb378d632db88b) Importer(815301076,1909f56bfc062723c751e8b465ee728b)  -> (artifact id: '85da10212fba346346503e0785628dbb') in 0.017981 seconds 
========================================================================
Received Import Request.
  Time since last request: 38.323196 seconds.
  path: Assets/Scenes/XR scene both oculus and device simulator.unity
  artifactKey: Guid(ae54c30a9a02a8a4797d61a26aed42b4) Importer(815301076,1909f56bfc062723c751e8b465ee728b)
Start importing Assets/Scenes/XR scene both oculus and device simulator.unity using Guid(ae54c30a9a02a8a4797d61a26aed42b4) Importer(815301076,1909f56bfc062723c751e8b465ee728b)  -> (artifact id: 'd1ff55c42744a0425fe46dc23f1d1b44') in 0.001737 seconds 
========================================================================
Received Import Request.
  Time since last request: 9.522172 seconds.
  path: Assets/Materials/download.mat
  artifactKey: Guid(f48cb894c79c14447a99ec5576fa3f60) Importer(815301076,1909f56bfc062723c751e8b465ee728b)
Start importing Assets/Materials/download.mat using Guid(f48cb894c79c14447a99ec5576fa3f60) Importer(815301076,1909f56bfc062723c751e8b465ee728b)  -> (artifact id: '2a9684c1265faa28e11cae84723c74e1') in 0.012031 seconds 
